2025-07-29T04:13:27.257-07:00  INFO 9648 --- [sprint-boot-web-project] [main] com.db.SprintBootWebProjectApplication   : Starting SprintBootWebProjectApplication using Java 21.0.1 with PID 9648 (C:\Users\Admin\Downloads\sprint-boot-web-project\sprint-boot-web-project\target\classes started by Admin in C:\Users\Admin\Downloads\sprint-boot-web-project\sprint-boot-web-project)
2025-07-29T04:13:27.259-07:00 DEBUG 9648 --- [sprint-boot-web-project] [main] com.db.SprintBootWebProjectApplication   : Running with Spring Boot v3.5.4, Spring v6.2.9
2025-07-29T04:13:27.260-07:00  INFO 9648 --- [sprint-boot-web-project] [main] com.db.SprintBootWebProjectApplication   : No active profile set, falling back to 1 default profile: "default"
2025-07-29T04:13:29.144-07:00  INFO 9648 --- [sprint-boot-web-project] [main] o.s.b.w.embedded.tomcat.TomcatWebServer  : Tomcat initialized with port 8085 (http)
2025-07-29T04:13:29.171-07:00  INFO 9648 --- [sprint-boot-web-project] [main] o.apache.catalina.core.StandardService   : Starting service [Tomcat]
2025-07-29T04:13:29.171-07:00  INFO 9648 --- [sprint-boot-web-project] [main] o.apache.catalina.core.StandardEngine    : Starting Servlet engine: [Apache Tomcat/10.1.43]
2025-07-29T04:13:29.243-07:00  INFO 9648 --- [sprint-boot-web-project] [main] o.a.c.c.C.[Tomcat].[localhost].[/]       : Initializing Spring embedded WebApplicationContext
2025-07-29T04:13:29.244-07:00  INFO 9648 --- [sprint-boot-web-project] [main] w.s.c.ServletWebServerApplicationContext : Root WebApplicationContext: initialization completed in 1887 ms
2025-07-29T04:13:30.013-07:00  INFO 9648 --- [sprint-boot-web-project] [main] o.s.b.w.embedded.tomcat.TomcatWebServer  : Tomcat started on port 8085 (http) with context path '/'
2025-07-29T04:13:30.029-07:00  INFO 9648 --- [sprint-boot-web-project] [main] com.db.SprintBootWebProjectApplication   : Started SprintBootWebProjectApplication in 3.704 seconds (process running for 4.274)
2025-07-29T04:13:38.601-07:00  INFO 9648 --- [sprint-boot-web-project] [http-nio-8085-exec-1] o.a.c.c.C.[Tomcat].[localhost].[/]       : Initializing Spring DispatcherServlet 'dispatcherServlet'
2025-07-29T04:13:38.601-07:00  INFO 9648 --- [sprint-boot-web-project] [http-nio-8085-exec-1] o.s.web.servlet.DispatcherServlet        : Initializing Servlet 'dispatcherServlet'
2025-07-29T04:13:38.602-07:00  INFO 9648 --- [sprint-boot-web-project] [http-nio-8085-exec-1] o.s.web.servlet.DispatcherServlet        : Completed initialization in 1 ms
2025-07-29T04:13:38.641-07:00  INFO 9648 --- [sprint-boot-web-project] [http-nio-8085-exec-1] com.db.HelloController                   : Hello Spring Boot 
2025-07-29T04:13:38.641-07:00 ERROR 9648 --- [sprint-boot-web-project] [http-nio-8085-exec-1] com.db.HelloController                   : Error Message 
2025-07-29T04:13:38.641-07:00 DEBUG 9648 --- [sprint-boot-web-project] [http-nio-8085-exec-1] com.db.HelloController                   : Debug Message
2025-07-29T04:13:38.642-07:00  WARN 9648 --- [sprint-boot-web-project] [http-nio-8085-exec-1] com.db.HelloController                   : Warn Message 
2025-07-29T04:15:52.441-07:00  INFO 9648 --- [sprint-boot-web-project] [SpringApplicationShutdownHook] o.s.b.w.e.tomcat.GracefulShutdown        : Commencing graceful shutdown. Waiting for active requests to complete
2025-07-29T04:15:52.447-07:00  INFO 9648 --- [sprint-boot-web-project] [tomcat-shutdown] o.s.b.w.e.tomcat.GracefulShutdown        : Graceful shutdown complete
2025-07-29T04:24:29.130-07:00  INFO 2916 --- [sprint-boot-web-project] [main] com.db.SprintBootWebProjectApplication   : Starting SprintBootWebProjectApplication using Java 21.0.1 with PID 2916 (C:\Users\Admin\Downloads\sprint-boot-web-project\sprint-boot-web-project\target\classes started by Admin in C:\Users\Admin\Downloads\sprint-boot-web-project\sprint-boot-web-project)
2025-07-29T04:24:29.135-07:00 DEBUG 2916 --- [sprint-boot-web-project] [main] com.db.SprintBootWebProjectApplication   : Running with Spring Boot v3.5.4, Spring v6.2.9
2025-07-29T04:24:29.136-07:00  INFO 2916 --- [sprint-boot-web-project] [main] com.db.SprintBootWebProjectApplication   : No active profile set, falling back to 1 default profile: "default"
2025-07-29T04:24:32.027-07:00  INFO 2916 --- [sprint-boot-web-project] [main] o.s.b.w.embedded.tomcat.TomcatWebServer  : Tomcat initialized with port 8085 (http)
2025-07-29T04:24:32.046-07:00  INFO 2916 --- [sprint-boot-web-project] [main] o.apache.catalina.core.StandardService   : Starting service [Tomcat]
2025-07-29T04:24:32.046-07:00  INFO 2916 --- [sprint-boot-web-project] [main] o.apache.catalina.core.StandardEngine    : Starting Servlet engine: [Apache Tomcat/10.1.43]
2025-07-29T04:24:32.116-07:00  INFO 2916 --- [sprint-boot-web-project] [main] o.a.c.c.C.[Tomcat].[localhost].[/]       : Initializing Spring embedded WebApplicationContext
2025-07-29T04:24:32.116-07:00  INFO 2916 --- [sprint-boot-web-project] [main] w.s.c.ServletWebServerApplicationContext : Root WebApplicationContext: initialization completed in 2882 ms
2025-07-29T04:24:33.297-07:00  WARN 2916 --- [sprint-boot-web-project] [main] ion$DefaultTemplateResolverConfiguration : Cannot find template location: classpath:/templates/ (please add some templates, check your Thymeleaf configuration, or set spring.thymeleaf.check-template-location=false)
2025-07-29T04:24:34.339-07:00  INFO 2916 --- [sprint-boot-web-project] [main] o.s.b.a.e.web.EndpointLinksResolver      : Exposing 1 endpoint beneath base path '/actuator'
2025-07-29T04:24:34.478-07:00  INFO 2916 --- [sprint-boot-web-project] [main] o.s.b.w.embedded.tomcat.TomcatWebServer  : Tomcat started on port 8085 (http) with context path '/'
2025-07-29T04:24:34.502-07:00  INFO 2916 --- [sprint-boot-web-project] [main] com.db.SprintBootWebProjectApplication   : Started SprintBootWebProjectApplication in 6.296 seconds (process running for 7.05)
2025-07-29T04:25:12.372-07:00  INFO 2916 --- [sprint-boot-web-project] [http-nio-8085-exec-1] o.a.c.c.C.[Tomcat].[localhost].[/]       : Initializing Spring DispatcherServlet 'dispatcherServlet'
2025-07-29T04:25:12.373-07:00  INFO 2916 --- [sprint-boot-web-project] [http-nio-8085-exec-1] o.s.web.servlet.DispatcherServlet        : Initializing Servlet 'dispatcherServlet'
2025-07-29T04:25:12.373-07:00  INFO 2916 --- [sprint-boot-web-project] [http-nio-8085-exec-1] o.s.web.servlet.DispatcherServlet        : Completed initialization in 0 ms
2025-07-29T04:28:39.261-07:00  INFO 2916 --- [sprint-boot-web-project] [SpringApplicationShutdownHook] o.s.b.w.e.tomcat.GracefulShutdown        : Commencing graceful shutdown. Waiting for active requests to complete
2025-07-29T04:28:39.266-07:00  INFO 2916 --- [sprint-boot-web-project] [tomcat-shutdown] o.s.b.w.e.tomcat.GracefulShutdown        : Graceful shutdown complete
2025-07-29T04:28:49.252-07:00  INFO 11332 --- [sprint-boot-web-project] [main] com.db.SprintBootWebProjectApplication   : Starting SprintBootWebProjectApplication using Java 21.0.1 with PID 11332 (C:\Users\Admin\Downloads\sprint-boot-web-project\sprint-boot-web-project\target\classes started by Admin in C:\Users\Admin\Downloads\sprint-boot-web-project\sprint-boot-web-project)
2025-07-29T04:28:49.254-07:00 DEBUG 11332 --- [sprint-boot-web-project] [main] com.db.SprintBootWebProjectApplication   : Running with Spring Boot v3.5.4, Spring v6.2.9
2025-07-29T04:28:49.256-07:00  INFO 11332 --- [sprint-boot-web-project] [main] com.db.SprintBootWebProjectApplication   : No active profile set, falling back to 1 default profile: "default"
2025-07-29T04:28:52.374-07:00  INFO 11332 --- [sprint-boot-web-project] [main] o.s.b.w.embedded.tomcat.TomcatWebServer  : Tomcat initialized with port 8085 (http)
2025-07-29T04:28:52.419-07:00  INFO 11332 --- [sprint-boot-web-project] [main] o.apache.catalina.core.StandardService   : Starting service [Tomcat]
2025-07-29T04:28:52.420-07:00  INFO 11332 --- [sprint-boot-web-project] [main] o.apache.catalina.core.StandardEngine    : Starting Servlet engine: [Apache Tomcat/10.1.43]
2025-07-29T04:28:52.510-07:00  INFO 11332 --- [sprint-boot-web-project] [main] o.a.c.c.C.[Tomcat].[localhost].[/]       : Initializing Spring embedded WebApplicationContext
2025-07-29T04:28:52.510-07:00  INFO 11332 --- [sprint-boot-web-project] [main] w.s.c.ServletWebServerApplicationContext : Root WebApplicationContext: initialization completed in 3139 ms
2025-07-29T04:28:53.768-07:00  WARN 11332 --- [sprint-boot-web-project] [main] ion$DefaultTemplateResolverConfiguration : Cannot find template location: classpath:/templates/ (please add some templates, check your Thymeleaf configuration, or set spring.thymeleaf.check-template-location=false)
2025-07-29T04:28:54.956-07:00  INFO 11332 --- [sprint-boot-web-project] [main] o.s.b.a.e.web.EndpointLinksResolver      : Exposing 1 endpoint beneath base path '/actuator'
2025-07-29T04:28:55.123-07:00  INFO 11332 --- [sprint-boot-web-project] [main] o.s.b.w.embedded.tomcat.TomcatWebServer  : Tomcat started on port 8085 (http) with context path '/'
2025-07-29T04:28:55.144-07:00  INFO 11332 --- [sprint-boot-web-project] [main] com.db.SprintBootWebProjectApplication   : Started SprintBootWebProjectApplication in 6.814 seconds (process running for 7.397)
2025-07-29T04:28:56.316-07:00  INFO 11332 --- [sprint-boot-web-project] [http-nio-8085-exec-1] o.a.c.c.C.[Tomcat].[localhost].[/]       : Initializing Spring DispatcherServlet 'dispatcherServlet'
2025-07-29T04:28:56.317-07:00  INFO 11332 --- [sprint-boot-web-project] [http-nio-8085-exec-1] o.s.web.servlet.DispatcherServlet        : Initializing Servlet 'dispatcherServlet'
2025-07-29T04:28:56.319-07:00  INFO 11332 --- [sprint-boot-web-project] [http-nio-8085-exec-1] o.s.web.servlet.DispatcherServlet        : Completed initialization in 1 ms
2025-07-29T04:28:56.679-07:00  INFO 11332 --- [sprint-boot-web-project] [registrationTask1] d.c.b.a.c.r.ApplicationRegistrator       : Application registered itself as f8f3717bf705
2025-07-29T04:29:15.663-07:00  INFO 11332 --- [sprint-boot-web-project] [http-nio-8085-exec-8] com.db.HelloController                   : Hello Spring Boot 
2025-07-29T04:29:15.663-07:00 ERROR 11332 --- [sprint-boot-web-project] [http-nio-8085-exec-8] com.db.HelloController                   : Error Message 
2025-07-29T04:29:15.663-07:00 DEBUG 11332 --- [sprint-boot-web-project] [http-nio-8085-exec-8] com.db.HelloController                   : Debug Message
2025-07-29T04:29:15.663-07:00  WARN 11332 --- [sprint-boot-web-project] [http-nio-8085-exec-8] com.db.HelloController                   : Warn Message 
2025-07-29T04:29:46.444-07:00  INFO 11332 --- [sprint-boot-web-project] [SpringApplicationShutdownHook] o.s.b.w.e.tomcat.GracefulShutdown        : Commencing graceful shutdown. Waiting for active requests to complete
2025-07-29T04:29:46.450-07:00  INFO 11332 --- [sprint-boot-web-project] [tomcat-shutdown] o.s.b.w.e.tomcat.GracefulShutdown        : Graceful shutdown complete
2025-07-29T04:30:01.998-07:00  INFO 11616 --- [sprint-boot-web-project] [main] com.db.SprintBootWebProjectApplication   : Starting SprintBootWebProjectApplication using Java 21.0.1 with PID 11616 (C:\Users\Admin\Downloads\sprint-boot-web-project\sprint-boot-web-project\target\classes started by Admin in C:\Users\Admin\Downloads\sprint-boot-web-project\sprint-boot-web-project)
2025-07-29T04:30:02.000-07:00 DEBUG 11616 --- [sprint-boot-web-project] [main] com.db.SprintBootWebProjectApplication   : Running with Spring Boot v3.5.4, Spring v6.2.9
2025-07-29T04:30:02.001-07:00  INFO 11616 --- [sprint-boot-web-project] [main] com.db.SprintBootWebProjectApplication   : No active profile set, falling back to 1 default profile: "default"
2025-07-29T04:30:04.975-07:00  INFO 11616 --- [sprint-boot-web-project] [main] o.s.b.w.embedded.tomcat.TomcatWebServer  : Tomcat initialized with port 8085 (http)
2025-07-29T04:30:05.002-07:00  INFO 11616 --- [sprint-boot-web-project] [main] o.apache.catalina.core.StandardService   : Starting service [Tomcat]
2025-07-29T04:30:05.002-07:00  INFO 11616 --- [sprint-boot-web-project] [main] o.apache.catalina.core.StandardEngine    : Starting Servlet engine: [Apache Tomcat/10.1.43]
2025-07-29T04:30:05.104-07:00  INFO 11616 --- [sprint-boot-web-project] [main] o.a.c.c.C.[Tomcat].[localhost].[/]       : Initializing Spring embedded WebApplicationContext
2025-07-29T04:30:05.105-07:00  INFO 11616 --- [sprint-boot-web-project] [main] w.s.c.ServletWebServerApplicationContext : Root WebApplicationContext: initialization completed in 2974 ms
2025-07-29T04:30:06.199-07:00  WARN 11616 --- [sprint-boot-web-project] [main] ion$DefaultTemplateResolverConfiguration : Cannot find template location: classpath:/templates/ (please add some templates, check your Thymeleaf configuration, or set spring.thymeleaf.check-template-location=false)
2025-07-29T04:30:07.518-07:00  INFO 11616 --- [sprint-boot-web-project] [main] o.s.b.a.e.web.EndpointLinksResolver      : Exposing 1 endpoint beneath base path '/actuator'
2025-07-29T04:30:07.728-07:00  INFO 11616 --- [sprint-boot-web-project] [main] o.s.b.w.embedded.tomcat.TomcatWebServer  : Tomcat started on port 8085 (http) with context path '/'
2025-07-29T04:30:07.755-07:00  INFO 11616 --- [sprint-boot-web-project] [main] com.db.SprintBootWebProjectApplication   : Started SprintBootWebProjectApplication in 6.654 seconds (process running for 7.252)
2025-07-29T04:30:08.816-07:00  INFO 11616 --- [sprint-boot-web-project] [http-nio-8085-exec-1] o.a.c.c.C.[Tomcat].[localhost].[/]       : Initializing Spring DispatcherServlet 'dispatcherServlet'
2025-07-29T04:30:08.817-07:00  INFO 11616 --- [sprint-boot-web-project] [http-nio-8085-exec-1] o.s.web.servlet.DispatcherServlet        : Initializing Servlet 'dispatcherServlet'
2025-07-29T04:30:08.818-07:00  INFO 11616 --- [sprint-boot-web-project] [http-nio-8085-exec-1] o.s.web.servlet.DispatcherServlet        : Completed initialization in 1 ms
2025-07-29T04:30:09.219-07:00  INFO 11616 --- [sprint-boot-web-project] [registrationTask1] d.c.b.a.c.r.ApplicationRegistrator       : Application registered itself as f8f3717bf705
2025-07-29T04:31:49.173-07:00  INFO 11616 --- [sprint-boot-web-project] [http-nio-8085-exec-7] com.db.HelloController                   : Hello Spring Boot 
2025-07-29T04:31:49.174-07:00 ERROR 11616 --- [sprint-boot-web-project] [http-nio-8085-exec-7] com.db.HelloController                   : Error Message 
2025-07-29T04:31:49.174-07:00 DEBUG 11616 --- [sprint-boot-web-project] [http-nio-8085-exec-7] com.db.HelloController                   : Debug Message
2025-07-29T04:31:49.174-07:00  WARN 11616 --- [sprint-boot-web-project] [http-nio-8085-exec-7] com.db.HelloController                   : Warn Message 
2025-07-29T04:39:59.391-07:00  INFO 11616 --- [sprint-boot-web-project] [reactor-http-nio-5] d.c.b.a.server.services.StatusUpdater    : Couldn't retrieve status for Instance(id=2eb2f2059072, version=1, registration=Registration(name=sprint-boot-web-project2, managementUrl=http://host.docker.internal:8086/actuator, healthUrl=http://host.docker.internal:8086/actuator/health, serviceUrl=http://host.docker.internal:8086/, source=http-api), registered=true, statusInfo=StatusInfo(status=UP, details={}), statusTimestamp=2025-07-29T11:39:43.717456800Z, info=Info(values={}), endpoints=Endpoints(endpoints={health=Endpoint(id=health, url=http://host.docker.internal:8086/actuator/health)}), buildVersion=null, tags=Tags(values={}))

org.springframework.web.reactive.function.client.WebClientRequestException: Connection refused: no further information: host.docker.internal/192.168.1.100:8086
	at org.springframework.web.reactive.function.client.ExchangeFunctions$DefaultExchangeFunction.lambda$wrapException$9(ExchangeFunctions.java:137) ~[spring-webflux-6.2.9.jar:6.2.9]
	Suppressed: reactor.core.publisher.FluxOnAssembly$OnAssemblyException: 
Error has been observed at the following site(s):
	*__checkpoint ⇢ Request to GET health [DefaultWebClient]
Original Stack Trace:
		at org.springframework.web.reactive.function.client.ExchangeFunctions$DefaultExchangeFunction.lambda$wrapException$9(ExchangeFunctions.java:137) ~[spring-webflux-6.2.9.jar:6.2.9]
		at reactor.core.publisher.MonoErrorSupplied.subscribe(MonoErrorSupplied.java:55) ~[reactor-core-3.7.8.jar:3.7.8]
		at reactor.core.publisher.Mono.subscribe(Mono.java:4576) ~[reactor-core-3.7.8.jar:3.7.8]
		at reactor.core.publisher.FluxOnErrorResume$ResumeSubscriber.onError(FluxOnErrorResume.java:103) ~[reactor-core-3.7.8.jar:3.7.8]
		at reactor.core.publisher.FluxPeek$PeekSubscriber.onError(FluxPeek.java:222) ~[reactor-core-3.7.8.jar:3.7.8]
		at reactor.core.publisher.FluxPeek$PeekSubscriber.onError(FluxPeek.java:222) ~[reactor-core-3.7.8.jar:3.7.8]
		at reactor.core.publisher.FluxPeek$PeekSubscriber.onError(FluxPeek.java:222) ~[reactor-core-3.7.8.jar:3.7.8]
		at reactor.core.publisher.MonoNext$NextSubscriber.onError(MonoNext.java:93) ~[reactor-core-3.7.8.jar:3.7.8]
		at reactor.core.publisher.MonoFlatMapMany$FlatMapManyMain.onError(MonoFlatMapMany.java:205) ~[reactor-core-3.7.8.jar:3.7.8]
		at reactor.core.publisher.SerializedSubscriber.onError(SerializedSubscriber.java:124) ~[reactor-core-3.7.8.jar:3.7.8]
		at reactor.core.publisher.FluxRetryWhen$RetryWhenMainSubscriber.whenError(FluxRetryWhen.java:229) ~[reactor-core-3.7.8.jar:3.7.8]
		at reactor.core.publisher.FluxRetryWhen$RetryWhenOtherSubscriber.onError(FluxRetryWhen.java:279) ~[reactor-core-3.7.8.jar:3.7.8]
		at reactor.core.publisher.FluxContextWrite$ContextWriteSubscriber.onError(FluxContextWrite.java:121) ~[reactor-core-3.7.8.jar:3.7.8]
		at reactor.core.publisher.FluxConcatMapNoPrefetch$FluxConcatMapNoPrefetchSubscriber.maybeOnError(FluxConcatMapNoPrefetch.java:327) ~[reactor-core-3.7.8.jar:3.7.8]
		at reactor.core.publisher.FluxConcatMapNoPrefetch$FluxConcatMapNoPrefetchSubscriber.onNext(FluxConcatMapNoPrefetch.java:212) ~[reactor-core-3.7.8.jar:3.7.8]
		at reactor.core.publisher.FluxContextWrite$ContextWriteSubscriber.onNext(FluxContextWrite.java:107) ~[reactor-core-3.7.8.jar:3.7.8]
		at reactor.core.publisher.SinkManyEmitterProcessor.drain(SinkManyEmitterProcessor.java:476) ~[reactor-core-3.7.8.jar:3.7.8]
		at reactor.core.publisher.SinkManyEmitterProcessor$EmitterInner.drainParent(SinkManyEmitterProcessor.java:620) ~[reactor-core-3.7.8.jar:3.7.8]
		at reactor.core.publisher.FluxPublish$PubSubInner.request(FluxPublish.java:874) ~[reactor-core-3.7.8.jar:3.7.8]
		at reactor.core.publisher.FluxContextWrite$ContextWriteSubscriber.request(FluxContextWrite.java:136) ~[reactor-core-3.7.8.jar:3.7.8]
		at reactor.core.publisher.FluxConcatMapNoPrefetch$FluxConcatMapNoPrefetchSubscriber.request(FluxConcatMapNoPrefetch.java:337) ~[reactor-core-3.7.8.jar:3.7.8]
		at reactor.core.publisher.FluxContextWrite$ContextWriteSubscriber.request(FluxContextWrite.java:136) ~[reactor-core-3.7.8.jar:3.7.8]
		at reactor.core.publisher.Operators$DeferredSubscription.request(Operators.java:1742) ~[reactor-core-3.7.8.jar:3.7.8]
		at reactor.core.publisher.FluxRetryWhen$RetryWhenMainSubscriber.onError(FluxRetryWhen.java:196) ~[reactor-core-3.7.8.jar:3.7.8]
		at reactor.core.publisher.MonoCreate$DefaultMonoSink.error(MonoCreate.java:205) ~[reactor-core-3.7.8.jar:3.7.8]
		at reactor.netty.http.client.HttpClientConnect$MonoHttpConnect$ClientTransportSubscriber.onError(HttpClientConnect.java:325) ~[reactor-netty-http-1.2.8.jar:1.2.8]
		at reactor.core.publisher.MonoCreate$DefaultMonoSink.error(MonoCreate.java:205) ~[reactor-core-3.7.8.jar:3.7.8]
		at reactor.netty.resources.DefaultPooledConnectionProvider$DisposableAcquire.onError(DefaultPooledConnectionProvider.java:174) ~[reactor-netty-core-1.2.8.jar:1.2.8]
		at reactor.netty.internal.shaded.reactor.pool.AbstractPool$Borrower.fail(AbstractPool.java:479) ~[reactor-netty-core-1.2.8.jar:1.2.8]
		at reactor.netty.internal.shaded.reactor.pool.SimpleDequePool.lambda$drainLoop$9(SimpleDequePool.java:443) ~[reactor-netty-core-1.2.8.jar:1.2.8]
		at reactor.core.publisher.FluxDoOnEach$DoOnEachSubscriber.onError(FluxDoOnEach.java:186) ~[reactor-core-3.7.8.jar:3.7.8]
		at reactor.core.publisher.MonoCreate$DefaultMonoSink.error(MonoCreate.java:205) ~[reactor-core-3.7.8.jar:3.7.8]
		at reactor.netty.resources.DefaultPooledConnectionProvider$PooledConnectionAllocator$PooledConnectionInitializer.onError(DefaultPooledConnectionProvider.java:593) ~[reactor-netty-core-1.2.8.jar:1.2.8]
		at reactor.core.publisher.MonoFlatMap$FlatMapMain.secondError(MonoFlatMap.java:241) ~[reactor-core-3.7.8.jar:3.7.8]
		at reactor.core.publisher.MonoFlatMap$FlatMapInner.onError(MonoFlatMap.java:315) ~[reactor-core-3.7.8.jar:3.7.8]
		at reactor.core.publisher.FluxOnErrorResume$ResumeSubscriber.onError(FluxOnErrorResume.java:106) ~[reactor-core-3.7.8.jar:3.7.8]
		at reactor.core.publisher.Operators.error(Operators.java:198) ~[reactor-core-3.7.8.jar:3.7.8]
		at reactor.core.publisher.MonoError.subscribe(MonoError.java:53) ~[reactor-core-3.7.8.jar:3.7.8]
		at reactor.core.publisher.Mono.subscribe(Mono.java:4576) ~[reactor-core-3.7.8.jar:3.7.8]
		at reactor.core.publisher.FluxOnErrorResume$ResumeSubscriber.onError(FluxOnErrorResume.java:103) ~[reactor-core-3.7.8.jar:3.7.8]
		at reactor.netty.transport.TransportConnector$MonoChannelPromise.tryFailure(TransportConnector.java:600) ~[reactor-netty-core-1.2.8.jar:1.2.8]
		at reactor.netty.transport.TransportConnector$MonoChannelPromise.setFailure(TransportConnector.java:546) ~[reactor-netty-core-1.2.8.jar:1.2.8]
		at reactor.netty.transport.TransportConnector.lambda$doConnect$7(TransportConnector.java:262) ~[reactor-netty-core-1.2.8.jar:1.2.8]
		at io.netty.util.concurrent.DefaultPromise.notifyListener0(DefaultPromise.java:603) ~[netty-common-4.1.123.Final.jar:4.1.123.Final]
		at io.netty.util.concurrent.DefaultPromise.notifyListeners0(DefaultPromise.java:596) ~[netty-common-4.1.123.Final.jar:4.1.123.Final]
		at io.netty.util.concurrent.DefaultPromise.notifyListenersNow(DefaultPromise.java:572) ~[netty-common-4.1.123.Final.jar:4.1.123.Final]
		at io.netty.util.concurrent.DefaultPromise.notifyListeners(DefaultPromise.java:505) ~[netty-common-4.1.123.Final.jar:4.1.123.Final]
		at io.netty.util.concurrent.DefaultPromise.setValue0(DefaultPromise.java:649) ~[netty-common-4.1.123.Final.jar:4.1.123.Final]
		at io.netty.util.concurrent.DefaultPromise.setFailure0(DefaultPromise.java:642) ~[netty-common-4.1.123.Final.jar:4.1.123.Final]
		at io.netty.util.concurrent.DefaultPromise.tryFailure(DefaultPromise.java:131) ~[netty-common-4.1.123.Final.jar:4.1.123.Final]
		at io.netty.channel.nio.AbstractNioChannel$AbstractNioUnsafe.fulfillConnectPromise(AbstractNioChannel.java:326) ~[netty-transport-4.1.123.Final.jar:4.1.123.Final]
		at io.netty.channel.nio.AbstractNioChannel$AbstractNioUnsafe.finishConnect(AbstractNioChannel.java:342) ~[netty-transport-4.1.123.Final.jar:4.1.123.Final]
		at io.netty.channel.nio.NioEventLoop.processSelectedKey(NioEventLoop.java:784) ~[netty-transport-4.1.123.Final.jar:4.1.123.Final]
		at io.netty.channel.nio.NioEventLoop.processSelectedKeysOptimized(NioEventLoop.java:732) ~[netty-transport-4.1.123.Final.jar:4.1.123.Final]
		at io.netty.channel.nio.NioEventLoop.processSelectedKeys(NioEventLoop.java:658) ~[netty-transport-4.1.123.Final.jar:4.1.123.Final]
		at io.netty.channel.nio.NioEventLoop.run(NioEventLoop.java:562) ~[netty-transport-4.1.123.Final.jar:4.1.123.Final]
		at io.netty.util.concurrent.SingleThreadEventExecutor$4.run(SingleThreadEventExecutor.java:998) ~[netty-common-4.1.123.Final.jar:4.1.123.Final]
		at io.netty.util.internal.ThreadExecutorMap$2.run(ThreadExecutorMap.java:74) ~[netty-common-4.1.123.Final.jar:4.1.123.Final]
		at io.netty.util.concurrent.FastThreadLocalRunnable.run(FastThreadLocalRunnable.java:30) ~[netty-common-4.1.123.Final.jar:4.1.123.Final]
		at java.base/java.lang.Thread.run(Thread.java:1583) ~[na:na]
Caused by: io.netty.channel.AbstractChannel$AnnotatedConnectException: Connection refused: no further information: host.docker.internal/192.168.1.100:8086
Caused by: java.net.ConnectException: Connection refused: no further information
	at java.base/sun.nio.ch.Net.pollConnect(Native Method) ~[na:na]
	at java.base/sun.nio.ch.Net.pollConnectNow(Net.java:682) ~[na:na]
	at java.base/sun.nio.ch.SocketChannelImpl.finishConnect(SocketChannelImpl.java:973) ~[na:na]
	at io.netty.channel.socket.nio.NioSocketChannel.doFinishConnect(NioSocketChannel.java:336) ~[netty-transport-4.1.123.Final.jar:4.1.123.Final]
	at io.netty.channel.nio.AbstractNioChannel$AbstractNioUnsafe.finishConnect(AbstractNioChannel.java:339) ~[netty-transport-4.1.123.Final.jar:4.1.123.Final]
	at io.netty.channel.nio.NioEventLoop.processSelectedKey(NioEventLoop.java:784) ~[netty-transport-4.1.123.Final.jar:4.1.123.Final]
	at io.netty.channel.nio.NioEventLoop.processSelectedKeysOptimized(NioEventLoop.java:732) ~[netty-transport-4.1.123.Final.jar:4.1.123.Final]
	at io.netty.channel.nio.NioEventLoop.processSelectedKeys(NioEventLoop.java:658) ~[netty-transport-4.1.123.Final.jar:4.1.123.Final]
	at io.netty.channel.nio.NioEventLoop.run(NioEventLoop.java:562) ~[netty-transport-4.1.123.Final.jar:4.1.123.Final]
	at io.netty.util.concurrent.SingleThreadEventExecutor$4.run(SingleThreadEventExecutor.java:998) ~[netty-common-4.1.123.Final.jar:4.1.123.Final]
	at io.netty.util.internal.ThreadExecutorMap$2.run(ThreadExecutorMap.java:74) ~[netty-common-4.1.123.Final.jar:4.1.123.Final]
	at io.netty.util.concurrent.FastThreadLocalRunnable.run(FastThreadLocalRunnable.java:30) ~[netty-common-4.1.123.Final.jar:4.1.123.Final]
	at java.base/java.lang.Thread.run(Thread.java:1583) ~[na:na]

2025-07-29T04:41:56.500-07:00  INFO 11616 --- [sprint-boot-web-project] [http-nio-8085-exec-1] com.db.HelloController                   : Hello Spring Boot 
2025-07-29T04:41:56.501-07:00 ERROR 11616 --- [sprint-boot-web-project] [http-nio-8085-exec-1] com.db.HelloController                   : Error Message 
2025-07-29T04:41:56.501-07:00 DEBUG 11616 --- [sprint-boot-web-project] [http-nio-8085-exec-1] com.db.HelloController                   : Debug Message
2025-07-29T04:41:56.501-07:00  WARN 11616 --- [sprint-boot-web-project] [http-nio-8085-exec-1] com.db.HelloController                   : Warn Message 
2025-07-29T04:48:34.621-07:00  INFO 11616 --- [sprint-boot-web-project] [SpringApplicationShutdownHook] o.s.b.w.e.tomcat.GracefulShutdown        : Commencing graceful shutdown. Waiting for active requests to complete
2025-07-29T04:48:34.626-07:00  INFO 11616 --- [sprint-boot-web-project] [tomcat-shutdown] o.s.b.w.e.tomcat.GracefulShutdown        : Graceful shutdown complete
